[INFO  - 2015-05-10T17:57:12.363Z] GhostDriver - Main - running on port 25136
[INFO  - 2015-05-10T17:57:12.834Z] Session [fc7158f0-f73d-11e4-881d-b154ef1e5568] - page.settings - {"XSSAuditingEnabled":false,"javascriptCanCloseWindows":true,"javascriptCanOpenWindows":true,"javascriptEnabled":true,"loadImages":true,"localToRemoteUrlAccessEnabled":false,"userAgent":"Mozilla/5.0 (Unknown; Linux x86_64) AppleWebKit/538.1 (KHTML, like Gecko) PhantomJS/2.0.0 Safari/538.1","webSecurityEnabled":true}
[INFO  - 2015-05-10T17:57:12.834Z] Session [fc7158f0-f73d-11e4-881d-b154ef1e5568] - page.customHeaders:  - {}
[INFO  - 2015-05-10T17:57:12.834Z] Session [fc7158f0-f73d-11e4-881d-b154ef1e5568] - Session.negotiatedCapabilities - {"browserName":"phantomjs","version":"2.0.0","driverName":"ghostdriver","driverVersion":"1.2.0","platform":"linux-unknown-64bit","javascriptEnabled":true,"takesScreenshot":true,"handlesAlerts":false,"databaseEnabled":false,"locationContextEnabled":false,"applicationCacheEnabled":false,"browserConnectionEnabled":false,"cssSelectorsEnabled":true,"webStorageEnabled":false,"rotatable":false,"acceptSslCerts":false,"nativeEvents":true,"proxy":{"proxyType":"direct"}}
[INFO  - 2015-05-10T17:57:12.834Z] SessionManagerReqHand - _postNewSessionCommand - New Session Created: fc7158f0-f73d-11e4-881d-b154ef1e5568
[INFO  - 2015-05-10T17:58:53.840Z] GhostDriver - Main - running on port 27613
[INFO  - 2015-05-10T17:58:54.356Z] Session [38f3eae0-f73e-11e4-afd9-858b10169606] - page.settings - {"XSSAuditingEnabled":false,"javascriptCanCloseWindows":true,"javascriptCanOpenWindows":true,"javascriptEnabled":true,"loadImages":true,"localToRemoteUrlAccessEnabled":false,"userAgent":"Mozilla/5.0 (Unknown; Linux x86_64) AppleWebKit/538.1 (KHTML, like Gecko) PhantomJS/2.0.0 Safari/538.1","webSecurityEnabled":true}
[INFO  - 2015-05-10T17:58:54.356Z] Session [38f3eae0-f73e-11e4-afd9-858b10169606] - page.customHeaders:  - {}
[INFO  - 2015-05-10T17:58:54.356Z] Session [38f3eae0-f73e-11e4-afd9-858b10169606] - Session.negotiatedCapabilities - {"browserName":"phantomjs","version":"2.0.0","driverName":"ghostdriver","driverVersion":"1.2.0","platform":"linux-unknown-64bit","javascriptEnabled":true,"takesScreenshot":true,"handlesAlerts":false,"databaseEnabled":false,"locationContextEnabled":false,"applicationCacheEnabled":false,"browserConnectionEnabled":false,"cssSelectorsEnabled":true,"webStorageEnabled":false,"rotatable":false,"acceptSslCerts":false,"nativeEvents":true,"proxy":{"proxyType":"direct"}}
[INFO  - 2015-05-10T17:58:54.356Z] SessionManagerReqHand - _postNewSessionCommand - New Session Created: 38f3eae0-f73e-11e4-afd9-858b10169606
[INFO  - 2015-05-10T17:59:09.617Z] ShutdownReqHand - _handle - About to shutdown
[INFO  - 2015-05-10T17:59:55.837Z] GhostDriver - Main - running on port 15442
[INFO  - 2015-05-10T17:59:56.277Z] Session [5ddc7700-f73e-11e4-b5f9-1d8d4b783de3] - page.settings - {"XSSAuditingEnabled":false,"javascriptCanCloseWindows":true,"javascriptCanOpenWindows":true,"javascriptEnabled":true,"loadImages":true,"localToRemoteUrlAccessEnabled":false,"userAgent":"Mozilla/5.0 (Unknown; Linux x86_64) AppleWebKit/538.1 (KHTML, like Gecko) PhantomJS/2.0.0 Safari/538.1","webSecurityEnabled":true}
[INFO  - 2015-05-10T17:59:56.277Z] Session [5ddc7700-f73e-11e4-b5f9-1d8d4b783de3] - page.customHeaders:  - {}
[INFO  - 2015-05-10T17:59:56.278Z] Session [5ddc7700-f73e-11e4-b5f9-1d8d4b783de3] - Session.negotiatedCapabilities - {"browserName":"phantomjs","version":"2.0.0","driverName":"ghostdriver","driverVersion":"1.2.0","platform":"linux-unknown-64bit","javascriptEnabled":true,"takesScreenshot":true,"handlesAlerts":false,"databaseEnabled":false,"locationContextEnabled":false,"applicationCacheEnabled":false,"browserConnectionEnabled":false,"cssSelectorsEnabled":true,"webStorageEnabled":false,"rotatable":false,"acceptSslCerts":false,"nativeEvents":true,"proxy":{"proxyType":"direct"}}
[INFO  - 2015-05-10T17:59:56.278Z] SessionManagerReqHand - _postNewSessionCommand - New Session Created: 5ddc7700-f73e-11e4-b5f9-1d8d4b783de3
[INFO  - 2015-05-10T18:00:37.699Z] GhostDriver - Main - running on port 24382
[INFO  - 2015-05-10T18:00:38.207Z] Session [76dac7c0-f73e-11e4-9c3d-59f2da3bd40e] - page.settings - {"XSSAuditingEnabled":false,"javascriptCanCloseWindows":true,"javascriptCanOpenWindows":true,"javascriptEnabled":true,"loadImages":true,"localToRemoteUrlAccessEnabled":false,"userAgent":"Mozilla/5.0 (Unknown; Linux x86_64) AppleWebKit/538.1 (KHTML, like Gecko) PhantomJS/2.0.0 Safari/538.1","webSecurityEnabled":true}
[INFO  - 2015-05-10T18:00:38.207Z] Session [76dac7c0-f73e-11e4-9c3d-59f2da3bd40e] - page.customHeaders:  - {}
[INFO  - 2015-05-10T18:00:38.208Z] Session [76dac7c0-f73e-11e4-9c3d-59f2da3bd40e] - Session.negotiatedCapabilities - {"browserName":"phantomjs","version":"2.0.0","driverName":"ghostdriver","driverVersion":"1.2.0","platform":"linux-unknown-64bit","javascriptEnabled":true,"takesScreenshot":true,"handlesAlerts":false,"databaseEnabled":false,"locationContextEnabled":false,"applicationCacheEnabled":false,"browserConnectionEnabled":false,"cssSelectorsEnabled":true,"webStorageEnabled":false,"rotatable":false,"acceptSslCerts":false,"nativeEvents":true,"proxy":{"proxyType":"direct"}}
[INFO  - 2015-05-10T18:00:38.208Z] SessionManagerReqHand - _postNewSessionCommand - New Session Created: 76dac7c0-f73e-11e4-9c3d-59f2da3bd40e
[INFO  - 2015-05-10T18:01:39.307Z] GhostDriver - Main - running on port 16907
[INFO  - 2015-05-10T18:01:39.745Z] Session [9b88bbe0-f73e-11e4-add6-1da855dbbbe2] - page.settings - {"XSSAuditingEnabled":false,"javascriptCanCloseWindows":true,"javascriptCanOpenWindows":true,"javascriptEnabled":true,"loadImages":true,"localToRemoteUrlAccessEnabled":false,"userAgent":"Mozilla/5.0 (Unknown; Linux x86_64) AppleWebKit/538.1 (KHTML, like Gecko) PhantomJS/2.0.0 Safari/538.1","webSecurityEnabled":true}
[INFO  - 2015-05-10T18:01:39.745Z] Session [9b88bbe0-f73e-11e4-add6-1da855dbbbe2] - page.customHeaders:  - {}
[INFO  - 2015-05-10T18:01:39.745Z] Session [9b88bbe0-f73e-11e4-add6-1da855dbbbe2] - Session.negotiatedCapabilities - {"browserName":"phantomjs","version":"2.0.0","driverName":"ghostdriver","driverVersion":"1.2.0","platform":"linux-unknown-64bit","javascriptEnabled":true,"takesScreenshot":true,"handlesAlerts":false,"databaseEnabled":false,"locationContextEnabled":false,"applicationCacheEnabled":false,"browserConnectionEnabled":false,"cssSelectorsEnabled":true,"webStorageEnabled":false,"rotatable":false,"acceptSslCerts":false,"nativeEvents":true,"proxy":{"proxyType":"direct"}}
[INFO  - 2015-05-10T18:01:39.745Z] SessionManagerReqHand - _postNewSessionCommand - New Session Created: 9b88bbe0-f73e-11e4-add6-1da855dbbbe2
[INFO  - 2015-05-10T18:08:30.159Z] GhostDriver - Main - running on port 22119
[INFO  - 2015-05-10T18:08:30.663Z] Session [90758a20-f73f-11e4-b0b8-81695990ad6e] - page.settings - {"XSSAuditingEnabled":false,"javascriptCanCloseWindows":true,"javascriptCanOpenWindows":true,"javascriptEnabled":true,"loadImages":true,"localToRemoteUrlAccessEnabled":false,"userAgent":"Mozilla/5.0 (Unknown; Linux x86_64) AppleWebKit/538.1 (KHTML, like Gecko) PhantomJS/2.0.0 Safari/538.1","webSecurityEnabled":true}
[INFO  - 2015-05-10T18:08:30.663Z] Session [90758a20-f73f-11e4-b0b8-81695990ad6e] - page.customHeaders:  - {}
[INFO  - 2015-05-10T18:08:30.663Z] Session [90758a20-f73f-11e4-b0b8-81695990ad6e] - Session.negotiatedCapabilities - {"browserName":"phantomjs","version":"2.0.0","driverName":"ghostdriver","driverVersion":"1.2.0","platform":"linux-unknown-64bit","javascriptEnabled":true,"takesScreenshot":true,"handlesAlerts":false,"databaseEnabled":false,"locationContextEnabled":false,"applicationCacheEnabled":false,"browserConnectionEnabled":false,"cssSelectorsEnabled":true,"webStorageEnabled":false,"rotatable":false,"acceptSslCerts":false,"nativeEvents":true,"proxy":{"proxyType":"direct"}}
[INFO  - 2015-05-10T18:08:30.664Z] SessionManagerReqHand - _postNewSessionCommand - New Session Created: 90758a20-f73f-11e4-b0b8-81695990ad6e
[INFO  - 2015-05-10T18:13:30.158Z] SessionManagerReqHand - _cleanupWindowlessSessions - Asynchronous Sessions clean-up phase starting NOW
[INFO  - 2015-05-11T17:22:23.239Z] GhostDriver - Main - running on port 5983
[INFO  - 2015-05-11T17:22:23.559Z] Session [498d2f50-f802-11e4-8704-c97e65ba1055] - page.settings - {"XSSAuditingEnabled":false,"javascriptCanCloseWindows":true,"javascriptCanOpenWindows":true,"javascriptEnabled":true,"loadImages":true,"localToRemoteUrlAccessEnabled":false,"userAgent":"Mozilla/5.0 (Unknown; Linux x86_64) AppleWebKit/538.1 (KHTML, like Gecko) PhantomJS/2.0.0 Safari/538.1","webSecurityEnabled":true}
[INFO  - 2015-05-11T17:22:23.559Z] Session [498d2f50-f802-11e4-8704-c97e65ba1055] - page.customHeaders:  - {}
[INFO  - 2015-05-11T17:22:23.559Z] Session [498d2f50-f802-11e4-8704-c97e65ba1055] - Session.negotiatedCapabilities - {"browserName":"phantomjs","version":"2.0.0","driverName":"ghostdriver","driverVersion":"1.2.0","platform":"linux-unknown-64bit","javascriptEnabled":true,"takesScreenshot":true,"handlesAlerts":false,"databaseEnabled":false,"locationContextEnabled":false,"applicationCacheEnabled":false,"browserConnectionEnabled":false,"cssSelectorsEnabled":true,"webStorageEnabled":false,"rotatable":false,"acceptSslCerts":false,"nativeEvents":true,"proxy":{"proxyType":"direct"}}
[INFO  - 2015-05-11T17:22:23.559Z] SessionManagerReqHand - _postNewSessionCommand - New Session Created: 498d2f50-f802-11e4-8704-c97e65ba1055
[INFO  - 2015-05-11T17:24:05.586Z] GhostDriver - Main - running on port 5317
[INFO  - 2015-05-11T17:24:06.083Z] Session [86a91b10-f802-11e4-8d80-f1383497ed9e] - page.settings - {"XSSAuditingEnabled":false,"javascriptCanCloseWindows":true,"javascriptCanOpenWindows":true,"javascriptEnabled":true,"loadImages":true,"localToRemoteUrlAccessEnabled":false,"userAgent":"Mozilla/5.0 (Unknown; Linux x86_64) AppleWebKit/538.1 (KHTML, like Gecko) PhantomJS/2.0.0 Safari/538.1","webSecurityEnabled":true}
[INFO  - 2015-05-11T17:24:06.083Z] Session [86a91b10-f802-11e4-8d80-f1383497ed9e] - page.customHeaders:  - {}
[INFO  - 2015-05-11T17:24:06.083Z] Session [86a91b10-f802-11e4-8d80-f1383497ed9e] - Session.negotiatedCapabilities - {"browserName":"phantomjs","version":"2.0.0","driverName":"ghostdriver","driverVersion":"1.2.0","platform":"linux-unknown-64bit","javascriptEnabled":true,"takesScreenshot":true,"handlesAlerts":false,"databaseEnabled":false,"locationContextEnabled":false,"applicationCacheEnabled":false,"browserConnectionEnabled":false,"cssSelectorsEnabled":true,"webStorageEnabled":false,"rotatable":false,"acceptSslCerts":false,"nativeEvents":true,"proxy":{"proxyType":"direct"}}
[INFO  - 2015-05-11T17:24:06.083Z] SessionManagerReqHand - _postNewSessionCommand - New Session Created: 86a91b10-f802-11e4-8d80-f1383497ed9e
[INFO  - 2015-05-11T17:27:23.251Z] SessionManagerReqHand - _cleanupWindowlessSessions - Asynchronous Sessions clean-up phase starting NOW
[INFO  - 2015-05-11T17:29:05.760Z] SessionManagerReqHand - _cleanupWindowlessSessions - Asynchronous Sessions clean-up phase starting NOW
[INFO  - 2015-05-11T17:30:47.427Z] GhostDriver - Main - running on port 26106
[INFO  - 2015-05-11T17:30:47.930Z] Session [762df070-f803-11e4-93f1-a756c0deef21] - page.settings - {"XSSAuditingEnabled":false,"javascriptCanCloseWindows":true,"javascriptCanOpenWindows":true,"javascriptEnabled":true,"loadImages":true,"localToRemoteUrlAccessEnabled":false,"userAgent":"Mozilla/5.0 (Unknown; Linux x86_64) AppleWebKit/538.1 (KHTML, like Gecko) PhantomJS/2.0.0 Safari/538.1","webSecurityEnabled":true}
[INFO  - 2015-05-11T17:30:47.930Z] Session [762df070-f803-11e4-93f1-a756c0deef21] - page.customHeaders:  - {}
[INFO  - 2015-05-11T17:30:47.930Z] Session [762df070-f803-11e4-93f1-a756c0deef21] - Session.negotiatedCapabilities - {"browserName":"phantomjs","version":"2.0.0","driverName":"ghostdriver","driverVersion":"1.2.0","platform":"linux-unknown-64bit","javascriptEnabled":true,"takesScreenshot":true,"handlesAlerts":false,"databaseEnabled":false,"locationContextEnabled":false,"applicationCacheEnabled":false,"browserConnectionEnabled":false,"cssSelectorsEnabled":true,"webStorageEnabled":false,"rotatable":false,"acceptSslCerts":false,"nativeEvents":true,"proxy":{"proxyType":"direct"}}
[INFO  - 2015-05-11T17:30:47.930Z] SessionManagerReqHand - _postNewSessionCommand - New Session Created: 762df070-f803-11e4-93f1-a756c0deef21
[INFO  - 2015-05-11T17:52:02.798Z] GhostDriver - Main - running on port 21195
[INFO  - 2015-05-11T17:52:03.254Z] Session [6e551740-f806-11e4-a8b3-f5f2e2ec2c40] - page.settings - {"XSSAuditingEnabled":false,"javascriptCanCloseWindows":true,"javascriptCanOpenWindows":true,"javascriptEnabled":true,"loadImages":true,"localToRemoteUrlAccessEnabled":false,"userAgent":"Mozilla/5.0 (Unknown; Linux x86_64) AppleWebKit/538.1 (KHTML, like Gecko) PhantomJS/2.0.0 Safari/538.1","webSecurityEnabled":true}
[INFO  - 2015-05-11T17:52:03.255Z] Session [6e551740-f806-11e4-a8b3-f5f2e2ec2c40] - page.customHeaders:  - {}
[INFO  - 2015-05-11T17:52:03.255Z] Session [6e551740-f806-11e4-a8b3-f5f2e2ec2c40] - Session.negotiatedCapabilities - {"browserName":"phantomjs","version":"2.0.0","driverName":"ghostdriver","driverVersion":"1.2.0","platform":"linux-unknown-64bit","javascriptEnabled":true,"takesScreenshot":true,"handlesAlerts":false,"databaseEnabled":false,"locationContextEnabled":false,"applicationCacheEnabled":false,"browserConnectionEnabled":false,"cssSelectorsEnabled":true,"webStorageEnabled":false,"rotatable":false,"acceptSslCerts":false,"nativeEvents":true,"proxy":{"proxyType":"direct"}}
[INFO  - 2015-05-11T17:52:03.255Z] SessionManagerReqHand - _postNewSessionCommand - New Session Created: 6e551740-f806-11e4-a8b3-f5f2e2ec2c40
[INFO  - 2015-05-11T17:52:03.334Z] GhostDriver - Main - running on port 1692
[INFO  - 2015-05-11T17:52:03.782Z] Session [6ea58130-f806-11e4-879c-eb8d9847bb45] - page.settings - {"XSSAuditingEnabled":false,"javascriptCanCloseWindows":true,"javascriptCanOpenWindows":true,"javascriptEnabled":true,"loadImages":true,"localToRemoteUrlAccessEnabled":false,"userAgent":"Mozilla/5.0 (Unknown; Linux x86_64) AppleWebKit/538.1 (KHTML, like Gecko) PhantomJS/2.0.0 Safari/538.1","webSecurityEnabled":true}
[INFO  - 2015-05-11T17:52:03.782Z] Session [6ea58130-f806-11e4-879c-eb8d9847bb45] - page.customHeaders:  - {}
[INFO  - 2015-05-11T17:52:03.782Z] Session [6ea58130-f806-11e4-879c-eb8d9847bb45] - Session.negotiatedCapabilities - {"browserName":"phantomjs","version":"2.0.0","driverName":"ghostdriver","driverVersion":"1.2.0","platform":"linux-unknown-64bit","javascriptEnabled":true,"takesScreenshot":true,"handlesAlerts":false,"databaseEnabled":false,"locationContextEnabled":false,"applicationCacheEnabled":false,"browserConnectionEnabled":false,"cssSelectorsEnabled":true,"webStorageEnabled":false,"rotatable":false,"acceptSslCerts":false,"nativeEvents":true,"proxy":{"proxyType":"direct"}}
[INFO  - 2015-05-11T17:52:03.783Z] SessionManagerReqHand - _postNewSessionCommand - New Session Created: 6ea58130-f806-11e4-879c-eb8d9847bb45
[INFO  - 2015-05-11T17:54:35.945Z] GhostDriver - Main - running on port 9330
[INFO  - 2015-05-11T17:54:36.414Z] Session [c99f73c0-f806-11e4-9ba4-9dc0798c8a29] - page.settings - {"XSSAuditingEnabled":false,"javascriptCanCloseWindows":true,"javascriptCanOpenWindows":true,"javascriptEnabled":true,"loadImages":true,"localToRemoteUrlAccessEnabled":false,"userAgent":"Mozilla/5.0 (Unknown; Linux x86_64) AppleWebKit/538.1 (KHTML, like Gecko) PhantomJS/2.0.0 Safari/538.1","webSecurityEnabled":true}
[INFO  - 2015-05-11T17:54:36.414Z] Session [c99f73c0-f806-11e4-9ba4-9dc0798c8a29] - page.customHeaders:  - {}
[INFO  - 2015-05-11T17:54:36.414Z] Session [c99f73c0-f806-11e4-9ba4-9dc0798c8a29] - Session.negotiatedCapabilities - {"browserName":"phantomjs","version":"2.0.0","driverName":"ghostdriver","driverVersion":"1.2.0","platform":"linux-unknown-64bit","javascriptEnabled":true,"takesScreenshot":true,"handlesAlerts":false,"databaseEnabled":false,"locationContextEnabled":false,"applicationCacheEnabled":false,"browserConnectionEnabled":false,"cssSelectorsEnabled":true,"webStorageEnabled":false,"rotatable":false,"acceptSslCerts":false,"nativeEvents":true,"proxy":{"proxyType":"direct"}}
[INFO  - 2015-05-11T17:54:36.414Z] SessionManagerReqHand - _postNewSessionCommand - New Session Created: c99f73c0-f806-11e4-9ba4-9dc0798c8a29
[INFO  - 2015-05-11T17:56:48.264Z] GhostDriver - Main - running on port 19998
[INFO  - 2015-05-11T17:56:48.789Z] Session [1885f810-f807-11e4-9909-69086a014151] - page.settings - {"XSSAuditingEnabled":false,"javascriptCanCloseWindows":true,"javascriptCanOpenWindows":true,"javascriptEnabled":true,"loadImages":true,"localToRemoteUrlAccessEnabled":false,"userAgent":"Mozilla/5.0 (Unknown; Linux x86_64) AppleWebKit/538.1 (KHTML, like Gecko) PhantomJS/2.0.0 Safari/538.1","webSecurityEnabled":true}
[INFO  - 2015-05-11T17:56:48.789Z] Session [1885f810-f807-11e4-9909-69086a014151] - page.customHeaders:  - {}
[INFO  - 2015-05-11T17:56:48.789Z] Session [1885f810-f807-11e4-9909-69086a014151] - Session.negotiatedCapabilities - {"browserName":"phantomjs","version":"2.0.0","driverName":"ghostdriver","driverVersion":"1.2.0","platform":"linux-unknown-64bit","javascriptEnabled":true,"takesScreenshot":true,"handlesAlerts":false,"databaseEnabled":false,"locationContextEnabled":false,"applicationCacheEnabled":false,"browserConnectionEnabled":false,"cssSelectorsEnabled":true,"webStorageEnabled":false,"rotatable":false,"acceptSslCerts":false,"nativeEvents":true,"proxy":{"proxyType":"direct"}}
[INFO  - 2015-05-11T17:56:48.789Z] SessionManagerReqHand - _postNewSessionCommand - New Session Created: 1885f810-f807-11e4-9909-69086a014151
[INFO  - 2015-05-11T18:06:40.770Z] GhostDriver - Main - running on port 28110
[INFO  - 2015-05-11T18:06:41.207Z] Session [79a1ef40-f808-11e4-9c30-197f83d63286] - page.settings - {"XSSAuditingEnabled":false,"javascriptCanCloseWindows":true,"javascriptCanOpenWindows":true,"javascriptEnabled":true,"loadImages":true,"localToRemoteUrlAccessEnabled":false,"userAgent":"Mozilla/5.0 (Unknown; Linux x86_64) AppleWebKit/538.1 (KHTML, like Gecko) PhantomJS/2.0.0 Safari/538.1","webSecurityEnabled":true}
[INFO  - 2015-05-11T18:06:41.207Z] Session [79a1ef40-f808-11e4-9c30-197f83d63286] - page.customHeaders:  - {}
[INFO  - 2015-05-11T18:06:41.207Z] Session [79a1ef40-f808-11e4-9c30-197f83d63286] - Session.negotiatedCapabilities - {"browserName":"phantomjs","version":"2.0.0","driverName":"ghostdriver","driverVersion":"1.2.0","platform":"linux-unknown-64bit","javascriptEnabled":true,"takesScreenshot":true,"handlesAlerts":false,"databaseEnabled":false,"locationContextEnabled":false,"applicationCacheEnabled":false,"browserConnectionEnabled":false,"cssSelectorsEnabled":true,"webStorageEnabled":false,"rotatable":false,"acceptSslCerts":false,"nativeEvents":true,"proxy":{"proxyType":"direct"}}
[INFO  - 2015-05-11T18:06:41.207Z] SessionManagerReqHand - _postNewSessionCommand - New Session Created: 79a1ef40-f808-11e4-9c30-197f83d63286
[INFO  - 2015-05-11T18:12:19.557Z] GhostDriver - Main - running on port 27628
[INFO  - 2015-05-11T18:12:20.017Z] Session [43943ce0-f809-11e4-9cdb-a58472d17e53] - page.settings - {"XSSAuditingEnabled":false,"javascriptCanCloseWindows":true,"javascriptCanOpenWindows":true,"javascriptEnabled":true,"loadImages":true,"localToRemoteUrlAccessEnabled":false,"userAgent":"Mozilla/5.0 (Unknown; Linux x86_64) AppleWebKit/538.1 (KHTML, like Gecko) PhantomJS/2.0.0 Safari/538.1","webSecurityEnabled":true}
[INFO  - 2015-05-11T18:12:20.017Z] Session [43943ce0-f809-11e4-9cdb-a58472d17e53] - page.customHeaders:  - {}
[INFO  - 2015-05-11T18:12:20.017Z] Session [43943ce0-f809-11e4-9cdb-a58472d17e53] - Session.negotiatedCapabilities - {"browserName":"phantomjs","version":"2.0.0","driverName":"ghostdriver","driverVersion":"1.2.0","platform":"linux-unknown-64bit","javascriptEnabled":true,"takesScreenshot":true,"handlesAlerts":false,"databaseEnabled":false,"locationContextEnabled":false,"applicationCacheEnabled":false,"browserConnectionEnabled":false,"cssSelectorsEnabled":true,"webStorageEnabled":false,"rotatable":false,"acceptSslCerts":false,"nativeEvents":true,"proxy":{"proxyType":"direct"}}
[INFO  - 2015-05-11T18:12:20.017Z] SessionManagerReqHand - _postNewSessionCommand - New Session Created: 43943ce0-f809-11e4-9cdb-a58472d17e53
[INFO  - 2015-05-11T19:06:28.972Z] GhostDriver - Main - running on port 10159
[INFO  - 2015-05-11T19:06:29.464Z] Session [d4668050-f810-11e4-9740-5f69e62c527d] - page.settings - {"XSSAuditingEnabled":false,"javascriptCanCloseWindows":true,"javascriptCanOpenWindows":true,"javascriptEnabled":true,"loadImages":true,"localToRemoteUrlAccessEnabled":false,"userAgent":"Mozilla/5.0 (Unknown; Linux x86_64) AppleWebKit/538.1 (KHTML, like Gecko) PhantomJS/2.0.0 Safari/538.1","webSecurityEnabled":true}
[INFO  - 2015-05-11T19:06:29.464Z] Session [d4668050-f810-11e4-9740-5f69e62c527d] - page.customHeaders:  - {}
[INFO  - 2015-05-11T19:06:29.464Z] Session [d4668050-f810-11e4-9740-5f69e62c527d] - Session.negotiatedCapabilities - {"browserName":"phantomjs","version":"2.0.0","driverName":"ghostdriver","driverVersion":"1.2.0","platform":"linux-unknown-64bit","javascriptEnabled":true,"takesScreenshot":true,"handlesAlerts":false,"databaseEnabled":false,"locationContextEnabled":false,"applicationCacheEnabled":false,"browserConnectionEnabled":false,"cssSelectorsEnabled":true,"webStorageEnabled":false,"rotatable":false,"acceptSslCerts":false,"nativeEvents":true,"proxy":{"proxyType":"direct"}}
[INFO  - 2015-05-11T19:06:29.464Z] SessionManagerReqHand - _postNewSessionCommand - New Session Created: d4668050-f810-11e4-9740-5f69e62c527d
[INFO  - 2015-05-11T19:09:30.357Z] GhostDriver - Main - running on port 15108
[INFO  - 2015-05-11T19:09:30.818Z] Session [407f1400-f811-11e4-a9ab-275543311399] - page.settings - {"XSSAuditingEnabled":false,"javascriptCanCloseWindows":true,"javascriptCanOpenWindows":true,"javascriptEnabled":true,"loadImages":true,"localToRemoteUrlAccessEnabled":false,"userAgent":"Mozilla/5.0 (Unknown; Linux x86_64) AppleWebKit/538.1 (KHTML, like Gecko) PhantomJS/2.0.0 Safari/538.1","webSecurityEnabled":true}
[INFO  - 2015-05-11T19:09:30.818Z] Session [407f1400-f811-11e4-a9ab-275543311399] - page.customHeaders:  - {}
[INFO  - 2015-05-11T19:09:30.818Z] Session [407f1400-f811-11e4-a9ab-275543311399] - Session.negotiatedCapabilities - {"browserName":"phantomjs","version":"2.0.0","driverName":"ghostdriver","driverVersion":"1.2.0","platform":"linux-unknown-64bit","javascriptEnabled":true,"takesScreenshot":true,"handlesAlerts":false,"databaseEnabled":false,"locationContextEnabled":false,"applicationCacheEnabled":false,"browserConnectionEnabled":false,"cssSelectorsEnabled":true,"webStorageEnabled":false,"rotatable":false,"acceptSslCerts":false,"nativeEvents":true,"proxy":{"proxyType":"direct"}}
[INFO  - 2015-05-11T19:09:30.818Z] SessionManagerReqHand - _postNewSessionCommand - New Session Created: 407f1400-f811-11e4-a9ab-275543311399
[INFO  - 2015-05-11T21:42:32.530Z] GhostDriver - Main - running on port 8918
[INFO  - 2015-05-11T21:42:32.848Z] Session [a169aae0-f826-11e4-8aa9-61797a6d2c9e] - page.settings - {"XSSAuditingEnabled":false,"javascriptCanCloseWindows":true,"javascriptCanOpenWindows":true,"javascriptEnabled":true,"loadImages":true,"localToRemoteUrlAccessEnabled":false,"userAgent":"Mozilla/5.0 (Unknown; Linux x86_64) AppleWebKit/538.1 (KHTML, like Gecko) PhantomJS/2.0.0 Safari/538.1","webSecurityEnabled":true}
[INFO  - 2015-05-11T21:42:32.848Z] Session [a169aae0-f826-11e4-8aa9-61797a6d2c9e] - page.customHeaders:  - {}
[INFO  - 2015-05-11T21:42:32.849Z] Session [a169aae0-f826-11e4-8aa9-61797a6d2c9e] - Session.negotiatedCapabilities - {"browserName":"phantomjs","version":"2.0.0","driverName":"ghostdriver","driverVersion":"1.2.0","platform":"linux-unknown-64bit","javascriptEnabled":true,"takesScreenshot":true,"handlesAlerts":false,"databaseEnabled":false,"locationContextEnabled":false,"applicationCacheEnabled":false,"browserConnectionEnabled":false,"cssSelectorsEnabled":true,"webStorageEnabled":false,"rotatable":false,"acceptSslCerts":false,"nativeEvents":true,"proxy":{"proxyType":"direct"}}
[INFO  - 2015-05-11T21:42:32.849Z] SessionManagerReqHand - _postNewSessionCommand - New Session Created: a169aae0-f826-11e4-8aa9-61797a6d2c9e
[INFO  - 2015-05-11T21:43:38.125Z] GhostDriver - Main - running on port 14062
[INFO  - 2015-05-11T21:43:38.622Z] Session [c89dfbc0-f826-11e4-bea6-95631c4846d3] - page.settings - {"XSSAuditingEnabled":false,"javascriptCanCloseWindows":true,"javascriptCanOpenWindows":true,"javascriptEnabled":true,"loadImages":true,"localToRemoteUrlAccessEnabled":false,"userAgent":"Mozilla/5.0 (Unknown; Linux x86_64) AppleWebKit/538.1 (KHTML, like Gecko) PhantomJS/2.0.0 Safari/538.1","webSecurityEnabled":true}
[INFO  - 2015-05-11T21:43:38.622Z] Session [c89dfbc0-f826-11e4-bea6-95631c4846d3] - page.customHeaders:  - {}
[INFO  - 2015-05-11T21:43:38.622Z] Session [c89dfbc0-f826-11e4-bea6-95631c4846d3] - Session.negotiatedCapabilities - {"browserName":"phantomjs","version":"2.0.0","driverName":"ghostdriver","driverVersion":"1.2.0","platform":"linux-unknown-64bit","javascriptEnabled":true,"takesScreenshot":true,"handlesAlerts":false,"databaseEnabled":false,"locationContextEnabled":false,"applicationCacheEnabled":false,"browserConnectionEnabled":false,"cssSelectorsEnabled":true,"webStorageEnabled":false,"rotatable":false,"acceptSslCerts":false,"nativeEvents":true,"proxy":{"proxyType":"direct"}}
[INFO  - 2015-05-11T21:43:38.622Z] SessionManagerReqHand - _postNewSessionCommand - New Session Created: c89dfbc0-f826-11e4-bea6-95631c4846d3
[INFO  - 2015-05-11T21:50:05.778Z] GhostDriver - Main - running on port 10359
[INFO  - 2015-05-11T21:50:06.288Z] Session [afae82a0-f827-11e4-9780-ff43576719f4] - page.settings - {"XSSAuditingEnabled":false,"javascriptCanCloseWindows":true,"javascriptCanOpenWindows":true,"javascriptEnabled":true,"loadImages":true,"localToRemoteUrlAccessEnabled":false,"userAgent":"Mozilla/5.0 (Unknown; Linux x86_64) AppleWebKit/538.1 (KHTML, like Gecko) PhantomJS/2.0.0 Safari/538.1","webSecurityEnabled":true}
[INFO  - 2015-05-11T21:50:06.288Z] Session [afae82a0-f827-11e4-9780-ff43576719f4] - page.customHeaders:  - {}
[INFO  - 2015-05-11T21:50:06.288Z] Session [afae82a0-f827-11e4-9780-ff43576719f4] - Session.negotiatedCapabilities - {"browserName":"phantomjs","version":"2.0.0","driverName":"ghostdriver","driverVersion":"1.2.0","platform":"linux-unknown-64bit","javascriptEnabled":true,"takesScreenshot":true,"handlesAlerts":false,"databaseEnabled":false,"locationContextEnabled":false,"applicationCacheEnabled":false,"browserConnectionEnabled":false,"cssSelectorsEnabled":true,"webStorageEnabled":false,"rotatable":false,"acceptSslCerts":false,"nativeEvents":true,"proxy":{"proxyType":"direct"}}
[INFO  - 2015-05-11T21:50:06.288Z] SessionManagerReqHand - _postNewSessionCommand - New Session Created: afae82a0-f827-11e4-9780-ff43576719f4
[INFO  - 2015-05-11T22:32:36.810Z] GhostDriver - Main - running on port 19859
[INFO  - 2015-05-11T22:32:37.296Z] Session [a03370a0-f82d-11e4-9579-9f51cae5ad81] - page.settings - {"XSSAuditingEnabled":false,"javascriptCanCloseWindows":true,"javascriptCanOpenWindows":true,"javascriptEnabled":true,"loadImages":true,"localToRemoteUrlAccessEnabled":false,"userAgent":"Mozilla/5.0 (Unknown; Linux x86_64) AppleWebKit/538.1 (KHTML, like Gecko) PhantomJS/2.0.0 Safari/538.1","webSecurityEnabled":true}
[INFO  - 2015-05-11T22:32:37.296Z] Session [a03370a0-f82d-11e4-9579-9f51cae5ad81] - page.customHeaders:  - {}
[INFO  - 2015-05-11T22:32:37.296Z] Session [a03370a0-f82d-11e4-9579-9f51cae5ad81] - Session.negotiatedCapabilities - {"browserName":"phantomjs","version":"2.0.0","driverName":"ghostdriver","driverVersion":"1.2.0","platform":"linux-unknown-64bit","javascriptEnabled":true,"takesScreenshot":true,"handlesAlerts":false,"databaseEnabled":false,"locationContextEnabled":false,"applicationCacheEnabled":false,"browserConnectionEnabled":false,"cssSelectorsEnabled":true,"webStorageEnabled":false,"rotatable":false,"acceptSslCerts":false,"nativeEvents":true,"proxy":{"proxyType":"direct"}}
[INFO  - 2015-05-11T22:32:37.296Z] SessionManagerReqHand - _postNewSessionCommand - New Session Created: a03370a0-f82d-11e4-9579-9f51cae5ad81
[INFO  - 2015-05-11T22:37:36.881Z] SessionManagerReqHand - _cleanupWindowlessSessions - Asynchronous Sessions clean-up phase starting NOW
[INFO  - 2015-05-17T18:16:43.189Z] GhostDriver - Main - running on port 26650
[INFO  - 2015-05-17T18:16:43.692Z] Session [df3880a0-fcc0-11e4-acea-f1717f63b8b1] - page.settings - {"XSSAuditingEnabled":false,"javascriptCanCloseWindows":true,"javascriptCanOpenWindows":true,"javascriptEnabled":true,"loadImages":true,"localToRemoteUrlAccessEnabled":false,"userAgent":"Mozilla/5.0 (Unknown; Linux x86_64) AppleWebKit/538.1 (KHTML, like Gecko) PhantomJS/2.0.0 Safari/538.1","webSecurityEnabled":true}
[INFO  - 2015-05-17T18:16:43.692Z] Session [df3880a0-fcc0-11e4-acea-f1717f63b8b1] - page.customHeaders:  - {}
[INFO  - 2015-05-17T18:16:43.692Z] Session [df3880a0-fcc0-11e4-acea-f1717f63b8b1] - Session.negotiatedCapabilities - {"browserName":"phantomjs","version":"2.0.0","driverName":"ghostdriver","driverVersion":"1.2.0","platform":"linux-unknown-64bit","javascriptEnabled":true,"takesScreenshot":true,"handlesAlerts":false,"databaseEnabled":false,"locationContextEnabled":false,"applicationCacheEnabled":false,"browserConnectionEnabled":false,"cssSelectorsEnabled":true,"webStorageEnabled":false,"rotatable":false,"acceptSslCerts":false,"nativeEvents":true,"proxy":{"proxyType":"direct"}}
[INFO  - 2015-05-17T18:16:43.692Z] SessionManagerReqHand - _postNewSessionCommand - New Session Created: df3880a0-fcc0-11e4-acea-f1717f63b8b1
